<?xml version="1.0" encoding="UTF-8"?>
<!-- Generated by org.testng.reporters.JUnitXMLReporter -->
<testsuite ignored="6" hostname="BRIAPWLOicvoHXu" failures="0" tests="1" name="Default test" time="29.456" errors="0" timestamp="2026-05-06T12:35:46 IST">
  <testcase classname="com.anu.automation.framework.testcases.GreenKartHomePage" name="partialMatch" time="8.423"/>
  <testcase classname="com.anu.automation.framework.testcases.GreenKartHomePage" name="testHomePage" time="0.0">
    <ignored/>
  </testcase> <!-- testHomePage -->
  <testcase classname="com.anu.automation.framework.testcases.GreenKartHomePage" name="caseSensitivityInProductSearch" time="0.0">
    <ignored/>
  </testcase> <!-- caseSensitivityInProductSearch -->
  <testcase classname="com.anu.automation.framework.testcases.GreenKartHomePage" name="emptySearchInProductSearch" time="0.0">
    <ignored/>
  </testcase> <!-- emptySearchInProductSearch -->
  <testcase classname="com.anu.automation.framework.testcases.GreenKartHomePage" name="productNotFound" time="0.0">
    <ignored/>
  </testcase> <!-- productNotFound -->
  <testcase classname="com.anu.automation.framework.testcases.GreenKartHomePage" name="launchGreenKartHomePage" time="0.0">
    <ignored/>
  </testcase> <!-- launchGreenKartHomePage -->
  <testcase classname="com.anu.automation.framework.testcases.GreenKartHomePage" name="testProductSearch" time="0.0">
    <ignored/>
  </testcase> <!-- testProductSearch -->
</testsuite> <!-- Default test -->
