<?xml version="1.0" encoding="UTF-8"?>
<!-- Generated by org.testng.reporters.JUnitXMLReporter -->
<testsuite ignored="7" hostname="BRIAPWLOicvoHXu" failures="0" tests="6" name="Default test" time="190.336" errors="0" timestamp="2026-05-04T14:29:08 IST">
  <testcase classname="com.anu.automation.framework.testcases.GreenKartHomePage" name="dataProviderProductSearch" time="15.348"/>
  <testcase classname="com.anu.automation.framework.testcases.GreenKartHomePage" name="dataProviderProductSearch" time="15.288"/>
  <testcase classname="com.anu.automation.framework.testcases.GreenKartHomePage" name="dataProviderProductSearch" time="15.265"/>
  <testcase classname="com.anu.automation.framework.testcases.GreenKartHomePage" name="dataProviderProductSearch" time="15.218"/>
  <testcase classname="com.anu.automation.framework.testcases.GreenKartHomePage" name="dataProviderProductSearch" time="15.232"/>
  <testcase classname="com.anu.automation.framework.testcases.GreenKartHomePage" name="dataProviderProductSearch" time="15.45"/>
  <testcase classname="com.anu.automation.framework.testcases.GreenKartHomePage" name="partialMatch" time="0.0">
    <ignored/>
  </testcase> <!-- partialMatch -->
  <testcase classname="com.anu.automation.framework.testcases.GreenKartHomePage" name="caseSensitivityInProductSearch" time="0.0">
    <ignored/>
  </testcase> <!-- caseSensitivityInProductSearch -->
  <testcase classname="com.anu.automation.framework.testcases.GreenKartHomePage" name="testProductSearch" time="0.0">
    <ignored/>
  </testcase> <!-- testProductSearch -->
  <testcase classname="com.anu.automation.framework.testcases.GreenKartHomePage" name="testHomePage" time="0.0">
    <ignored/>
  </testcase> <!-- testHomePage -->
  <testcase classname="com.anu.automation.framework.testcases.GreenKartHomePage" name="productNotFound" time="0.0">
    <ignored/>
  </testcase> <!-- productNotFound -->
  <testcase classname="com.anu.automation.framework.testcases.GreenKartHomePage" name="launchGreenKartHomePage" time="0.0">
    <ignored/>
  </testcase> <!-- launchGreenKartHomePage -->
  <testcase classname="com.anu.automation.framework.testcases.GreenKartHomePage" name="emptySearchInProductSearch" time="0.0">
    <ignored/>
  </testcase> <!-- emptySearchInProductSearch -->
</testsuite> <!-- Default test -->
