<?xml version="1.0" encoding="UTF-8"?>
<!-- Generated by org.testng.reporters.JUnitXMLReporter -->
<testsuite ignored="0" hostname="BRIAPWLOicvoHXu" failures="0" tests="14" name="GreenKart Tests" time="201.922" errors="0" timestamp="2026-05-06T13:36:51 IST">
  <testcase classname="com.anu.automation.framework.testcases.GreenKartHomePage" name="dataProviderProductSearch" time="8.649"/>
  <testcase classname="com.anu.automation.framework.testcases.GreenKartHomePage" name="caseSensitivityInProductSearch" time="9.618">
    <skipped/>
  </testcase> <!-- caseSensitivityInProductSearch -->
  <testcase classname="com.anu.automation.framework.testcases.GreenKartHomePage" name="dataProviderProductSearch" time="9.51"/>
  <testcase classname="com.anu.automation.framework.testcases.GreenKartHomePage" name="caseSensitivityInProductSearch" time="9.088"/>
  <testcase classname="com.anu.automation.framework.testcases.GreenKartHomePage" name="dataProviderProductSearch" time="8.903"/>
  <testcase classname="com.anu.automation.framework.testcases.GreenKartHomePage" name="emptySearchInProductSearch" time="9.099"/>
  <testcase classname="com.anu.automation.framework.testcases.GreenKartHomePage" name="dataProviderProductSearch" time="8.382"/>
  <testcase classname="com.anu.automation.framework.testcases.GreenKartHomePage" name="launchGreenKartHomePage" time="25.908"/>
  <testcase classname="com.anu.automation.framework.testcases.GreenKartHomePage" name="dataProviderProductSearch" time="11.933"/>
  <testcase classname="com.anu.automation.framework.testcases.GreenKartHomePage" name="partialMatch" time="8.374"/>
  <testcase classname="com.anu.automation.framework.testcases.GreenKartHomePage" name="dataProviderProductSearch" time="9.423"/>
  <testcase classname="com.anu.automation.framework.testcases.GreenKartHomePage" name="productNotFound" time="8.258"/>
  <testcase classname="com.anu.automation.framework.testcases.GreenKartHomePage" name="testHomePage" time="8.708"/>
  <testcase classname="com.anu.automation.framework.testcases.GreenKartHomePage" name="testProductSearch" time="8.309"/>
</testsuite> <!-- GreenKart Tests -->
