<?xml version="1.0" encoding="UTF-8"?>
<!-- Generated by org.testng.reporters.JUnitXMLReporter -->
<testsuite ignored="0" hostname="BRIAPWLOicvoHXu" failures="4" tests="7" name="Test-2" time="192.222" errors="0" timestamp="2026-05-05T13:53:36 IST">
  <testcase classname="com.anu.automation.framework.testcases.GreenKartHomePage" name="caseSensitivityInProductSearch" time="15.763">
    <failure type="java.lang.AssertionError" message="Product name does not contain &amp;apos;Cucumber&amp;apos; expected [Tomato - 1 Kg] but found [[Tomato - 1 Kg]]">
      <![CDATA[java.lang.AssertionError: Product name does not contain 'Cucumber' expected [Tomato - 1 Kg] but found [[Tomato - 1 Kg]]
at com.anu.automation.framework.testcases.GreenKartHomePage.caseSensitivityInProductSearch(GreenKartHomePage.java:72)
at java.base/java.util.ArrayList.forEach(ArrayList.java:1596)
at java.base/java.util.concurrent.FutureTask.run(FutureTask.java:317)
at java.base/java.util.concurrent.ThreadPoolExecutor.runWorker(ThreadPoolExecutor.java:1144)
at java.base/java.util.concurrent.ThreadPoolExecutor$Worker.run(ThreadPoolExecutor.java:642)
at java.base/java.lang.Thread.run(Thread.java:1583)
... Removed 19 stack frames]]>
    </failure>
  </testcase> <!-- caseSensitivityInProductSearch -->
  <testcase classname="com.anu.automation.framework.testcases.GreenKartHomePage" name="emptySearchInProductSearch" time="16.379"/>
  <testcase classname="com.anu.automation.framework.testcases.GreenKartHomePage" name="launchGreenKartHomePage" time="0.437"/>
  <testcase classname="com.anu.automation.framework.testcases.GreenKartHomePage" name="partialMatch" time="15.513">
    <failure type="java.lang.AssertionError" message="Product name does not contain &amp;apos;Cucumber&amp;apos; expected [Tomato - 1 Kg] but found [[Tomato - 1 Kg]]">
      <![CDATA[java.lang.AssertionError: Product name does not contain 'Cucumber' expected [Tomato - 1 Kg] but found [[Tomato - 1 Kg]]
at com.anu.automation.framework.testcases.GreenKartHomePage.partialMatch(GreenKartHomePage.java:62)
at java.base/java.util.ArrayList.forEach(ArrayList.java:1596)
at java.base/java.util.concurrent.FutureTask.run(FutureTask.java:317)
at java.base/java.util.concurrent.ThreadPoolExecutor.runWorker(ThreadPoolExecutor.java:1144)
at java.base/java.util.concurrent.ThreadPoolExecutor$Worker.run(ThreadPoolExecutor.java:642)
at java.base/java.lang.Thread.run(Thread.java:1583)
... Removed 19 stack frames]]>
    </failure>
  </testcase> <!-- partialMatch -->
  <testcase classname="com.anu.automation.framework.testcases.GreenKartHomePage" name="productNotFound" time="15.472"/>
  <testcase classname="com.anu.automation.framework.testcases.GreenKartHomePage" name="testHomePage" time="15.433">
    <failure type="java.lang.AssertionError" message="Product name does not contain &amp;apos;Cucumber&amp;apos; expected [true] but found [false]">
      <![CDATA[java.lang.AssertionError: Product name does not contain 'Cucumber' expected [true] but found [false]
at com.anu.automation.framework.testcases.GreenKartHomePage.testHomePage(GreenKartHomePage.java:34)
at java.base/java.util.ArrayList.forEach(ArrayList.java:1596)
at java.base/java.util.concurrent.FutureTask.run(FutureTask.java:317)
at java.base/java.util.concurrent.ThreadPoolExecutor.runWorker(ThreadPoolExecutor.java:1144)
at java.base/java.util.concurrent.ThreadPoolExecutor$Worker.run(ThreadPoolExecutor.java:642)
at java.base/java.lang.Thread.run(Thread.java:1583)
... Removed 18 stack frames]]>
    </failure>
  </testcase> <!-- testHomePage -->
  <testcase classname="com.anu.automation.framework.testcases.GreenKartHomePage" name="testProductSearch" time="15.48">
    <failure type="java.lang.AssertionError" message="Product name does not contain &amp;apos;Cucumber&amp;apos; expected [Tomato - 1 Kg] but found [[Tomato - 1 Kg]]">
      <![CDATA[java.lang.AssertionError: Product name does not contain 'Cucumber' expected [Tomato - 1 Kg] but found [[Tomato - 1 Kg]]
at com.anu.automation.framework.testcases.GreenKartHomePage.testProductSearch(GreenKartHomePage.java:44)
at java.base/java.util.ArrayList.forEach(ArrayList.java:1596)
at java.base/java.util.concurrent.FutureTask.run(FutureTask.java:317)
at java.base/java.util.concurrent.ThreadPoolExecutor.runWorker(ThreadPoolExecutor.java:1144)
at java.base/java.util.concurrent.ThreadPoolExecutor$Worker.run(ThreadPoolExecutor.java:642)
at java.base/java.lang.Thread.run(Thread.java:1583)
... Removed 19 stack frames]]>
    </failure>
  </testcase> <!-- testProductSearch -->
</testsuite> <!-- Test-2 -->
