<?xml version="1.0" encoding="UTF-8"?>
<testng-results retried="1" ignored="1" total="15" passed="13" failed="0" skipped="0">
  <reporter-output>
  </reporter-output>
  <suite started-at="2026-05-06T13:33:29 IST" name="Test Suite" finished-at="2026-05-06T13:36:51 IST" duration-ms="201922">
    <groups>
    </groups>
    <test started-at="2026-05-06T13:33:29 IST" name="GreenKart Tests" finished-at="2026-05-06T13:36:51 IST" duration-ms="201922">
      <class name="com.anu.automation.framework.testcases.GreenKartHomePage">
        <test-method is-config="true" signature="setUp()[pri:0, instance:com.anu.automation.framework.testcases.GreenKartHomePage@5af3a0f]" started-at="2026-05-06T13:33:30 IST" name="setUp" finished-at="2026-05-06T13:33:47 IST" duration-ms="17784" status="PASS">
          <reporter-output>
          </reporter-output>
        </test-method> <!-- setUp -->
        <test-method is-config="true" signature="setUp()[pri:0, instance:com.anu.automation.framework.testcases.GreenKartHomePage@5af3a0f]" started-at="2026-05-06T13:33:30 IST" name="setUp" finished-at="2026-05-06T13:33:47 IST" duration-ms="17783" status="PASS">
          <reporter-output>
          </reporter-output>
        </test-method> <!-- setUp -->
        <test-method signature="dataProviderProductSearch(java.lang.String)[pri:0, instance:com.anu.automation.framework.testcases.GreenKartHomePage@5af3a0f]" started-at="2026-05-06T13:33:47 IST" name="dataProviderProductSearch" data-provider="searchData" finished-at="2026-05-06T13:33:56 IST" duration-ms="8649" status="PASS">
          <params>
            <param index="0">
              <value>
                <![CDATA[Cucumber]]>
              </value>
            </param>
          </params>
          <reporter-output>
          </reporter-output>
        </test-method> <!-- dataProviderProductSearch -->
        <test-method retried="true" signature="caseSensitivityInProductSearch()[pri:0, instance:com.anu.automation.framework.testcases.GreenKartHomePage@5af3a0f]" started-at="2026-05-06T13:33:47 IST" name="caseSensitivityInProductSearch" finished-at="2026-05-06T13:33:57 IST" duration-ms="9618" status="SKIP">
          <exception class="org.openqa.selenium.remote.UnreachableBrowserException">
            <message>
              <![CDATA[Error communicating with the remote browser. It may have died.
Build info: version: '4.21.0', revision: '79ed462ef4'
System info: os.name: 'Windows 11', os.arch: 'amd64', os.version: '10.0', java.version: '21.0.7'
Driver info: org.openqa.selenium.chrome.ChromeDriver
Command: [f3e140a0c373d9667cf7a581eb0fcd77, findElements [using, value]]
Capabilities {acceptInsecureCerts: false, browserName: chrome, browserVersion: 148.0.7778.97, chrome: {chromedriverVersion: 148.0.7778.97 (6b3fa66a923a..., userDataDir: C:\Users\ANUBHU~1.SET\AppDa...}, fedcm:accounts: true, goog:chromeOptions: {debuggerAddress: localhost:63591}, goog:processID: 9300, networkConnectionEnabled: false, pageLoadStrategy: normal, platformName: windows, proxy: Proxy(), se:cdp: ws://localhost:63591/devtoo..., se:cdpVersion: 148.0.7778.97, setWindowRect: true, strictFileInteractability: false, timeouts: {implicit: 0, pageLoad: 300000, script: 30000}, unhandledPromptBehavior: dismiss and notify, webauthn:extension:credBlob: true, webauthn:extension:largeBlob: true, webauthn:extension:minPinLength: true, webauthn:extension:prf: true, webauthn:virtualAuthenticators: true}
Session ID: f3e140a0c373d9667cf7a581eb0fcd77]]>
            </message>
            <full-stacktrace>
              <![CDATA[org.openqa.selenium.remote.UnreachableBrowserException: Error communicating with the remote browser. It may have died.
Build info: version: '4.21.0', revision: '79ed462ef4'
System info: os.name: 'Windows 11', os.arch: 'amd64', os.version: '10.0', java.version: '21.0.7'
Driver info: org.openqa.selenium.chrome.ChromeDriver
Command: [f3e140a0c373d9667cf7a581eb0fcd77, findElements [using, value]]
Capabilities {acceptInsecureCerts: false, browserName: chrome, browserVersion: 148.0.7778.97, chrome: {chromedriverVersion: 148.0.7778.97 (6b3fa66a923a..., userDataDir: C:\Users\ANUBHU~1.SET\AppDa...}, fedcm:accounts: true, goog:chromeOptions: {debuggerAddress: localhost:63591}, goog:processID: 9300, networkConnectionEnabled: false, pageLoadStrategy: normal, platformName: windows, proxy: Proxy(), se:cdp: ws://localhost:63591/devtoo..., se:cdpVersion: 148.0.7778.97, setWindowRect: true, strictFileInteractability: false, timeouts: {implicit: 0, pageLoad: 300000, script: 30000}, unhandledPromptBehavior: dismiss and notify, webauthn:extension:credBlob: true, webauthn:extension:largeBlob: true, webauthn:extension:minPinLength: true, webauthn:extension:prf: true, webauthn:virtualAuthenticators: true}
Session ID: f3e140a0c373d9667cf7a581eb0fcd77
at org.openqa.selenium.remote.RemoteWebDriver.execute(RemoteWebDriver.java:545)
at org.openqa.selenium.remote.ElementLocation$ElementFinder$2.findElements(ElementLocation.java:182)
at org.openqa.selenium.remote.ElementLocation.findElements(ElementLocation.java:103)
at org.openqa.selenium.remote.RemoteWebDriver.findElements(RemoteWebDriver.java:368)
at org.openqa.selenium.remote.RemoteWebDriver.findElements(RemoteWebDriver.java:362)
at com.anu.automation.framework.pages.HomePage.getProductsName(HomePage.java:46)
at com.anu.automation.framework.testcases.GreenKartHomePage.caseSensitivityInProductSearch(GreenKartHomePage.java:81)
at java.base/jdk.internal.reflect.DirectMethodHandleAccessor.invoke(DirectMethodHandleAccessor.java:103)
at java.base/java.lang.reflect.Method.invoke(Method.java:580)
at org.testng.internal.invokers.MethodInvocationHelper.invokeMethod(MethodInvocationHelper.java:141)
at org.testng.internal.invokers.TestInvoker.invokeMethod(TestInvoker.java:686)
at org.testng.internal.invokers.TestInvoker.invokeTestMethod(TestInvoker.java:230)
at org.testng.internal.invokers.MethodRunner.runInSequence(MethodRunner.java:63)
at org.testng.internal.invokers.TestInvoker$MethodInvocationAgent.invoke(TestInvoker.java:992)
at org.testng.internal.invokers.TestInvoker.invokeTestMethods(TestInvoker.java:203)
at org.testng.internal.invokers.TestMethodWorker.invokeTestMethods(TestMethodWorker.java:154)
at org.testng.internal.invokers.TestMethodWorker.run(TestMethodWorker.java:134)
at java.base/java.util.concurrent.Executors$RunnableAdapter.call(Executors.java:572)
at java.base/java.util.concurrent.FutureTask.run(FutureTask.java:317)
at org.testng.internal.thread.graph.TestNGFutureTask.run(TestNGFutureTask.java:22)
at java.base/java.util.concurrent.ThreadPoolExecutor.runWorker(ThreadPoolExecutor.java:1144)
at java.base/java.util.concurrent.ThreadPoolExecutor$Worker.run(ThreadPoolExecutor.java:642)
at java.base/java.lang.Thread.run(Thread.java:1583)
Caused by: java.util.concurrent.RejectedExecutionException: Task jdk.internal.net.http.common.SequentialScheduler$SchedulableTask@47282677 rejected from java.util.concurrent.ThreadPoolExecutor@fe76163[Terminated, pool size = 0, active threads = 0, queued tasks = 0, completed tasks = 80]
at java.base/java.util.concurrent.ThreadPoolExecutor$AbortPolicy.rejectedExecution(ThreadPoolExecutor.java:2081)
at java.base/java.util.concurrent.ThreadPoolExecutor.reject(ThreadPoolExecutor.java:841)
at java.base/java.util.concurrent.ThreadPoolExecutor.execute(ThreadPoolExecutor.java:1376)
at java.net.http/jdk.internal.net.http.HttpClientImpl$DelegatingExecutor.ensureExecutedAsync(HttpClientImpl.java:183)
at java.net.http/jdk.internal.net.http.HttpClientImpl$DelegatingExecutor.execute(HttpClientImpl.java:175)
at java.net.http/jdk.internal.net.http.common.SequentialScheduler.runOrSchedule(SequentialScheduler.java:282)
at java.net.http/jdk.internal.net.http.common.SequentialScheduler.runOrSchedule(SequentialScheduler.java:251)
at java.net.http/jdk.internal.net.http.Http1AsyncReceiver.onReadError(Http1AsyncReceiver.java:516)
at java.net.http/jdk.internal.net.http.Http1AsyncReceiver$Http1TubeSubscriber.onComplete(Http1AsyncReceiver.java:601)
at java.net.http/jdk.internal.net.http.SocketTube$InternalReadPublisher$ReadSubscription.signalCompletion(SocketTube.java:648)
at java.net.http/jdk.internal.net.http.SocketTube$InternalReadPublisher$InternalReadSubscription.read(SocketTube.java:853)
at java.net.http/jdk.internal.net.http.SocketTube$SocketFlowTask.run(SocketTube.java:181)
at java.net.http/jdk.internal.net.http.common.SequentialScheduler$SchedulableTask.run(SequentialScheduler.java:207)
at java.net.http/jdk.internal.net.http.common.SequentialScheduler.runOrSchedule(SequentialScheduler.java:280)
at java.net.http/jdk.internal.net.http.common.SequentialScheduler.runOrSchedule(SequentialScheduler.java:233)
at java.net.http/jdk.internal.net.http.SocketTube$InternalReadPublisher$InternalReadSubscription.signalReadable(SocketTube.java:782)
at java.net.http/jdk.internal.net.http.SocketTube$InternalReadPublisher$ReadEvent.signalEvent(SocketTube.java:965)
at java.net.http/jdk.internal.net.http.SocketTube$SocketFlowEvent.handle(SocketTube.java:253)
at java.net.http/jdk.internal.net.http.HttpClientImpl$SelectorManager.handleEvent(HttpClientImpl.java:1470)
at java.net.http/jdk.internal.net.http.HttpClientImpl$SelectorManager.lambda$run$3(HttpClientImpl.java:1415)
at java.base/java.util.ArrayList.forEach(ArrayList.java:1596)
at java.net.http/jdk.internal.net.http.HttpClientImpl$SelectorManager.run(HttpClientImpl.java:1415)
]]>
            </full-stacktrace>
          </exception> <!-- org.openqa.selenium.remote.UnreachableBrowserException -->
          <reporter-output>
          </reporter-output>
        </test-method> <!-- caseSensitivityInProductSearch -->
        <test-method is-config="true" signature="tearDown()[pri:0, instance:com.anu.automation.framework.testcases.GreenKartHomePage@5af3a0f]" started-at="2026-05-06T13:33:56 IST" name="tearDown" finished-at="2026-05-06T13:33:57 IST" duration-ms="971" status="PASS">
          <reporter-output>
          </reporter-output>
        </test-method> <!-- tearDown -->
        <test-method is-config="true" signature="tearDown()[pri:0, instance:com.anu.automation.framework.testcases.GreenKartHomePage@5af3a0f]" started-at="2026-05-06T13:33:57 IST" name="tearDown" finished-at="2026-05-06T13:33:58 IST" duration-ms="1392" status="PASS">
          <reporter-output>
          </reporter-output>
        </test-method> <!-- tearDown -->
        <test-method is-config="true" signature="setUp()[pri:0, instance:com.anu.automation.framework.testcases.GreenKartHomePage@5af3a0f]" started-at="2026-05-06T13:33:57 IST" name="setUp" finished-at="2026-05-06T13:34:15 IST" duration-ms="17889" status="PASS">
          <reporter-output>
          </reporter-output>
        </test-method> <!-- setUp -->
        <test-method is-config="true" signature="setUp()[pri:0, instance:com.anu.automation.framework.testcases.GreenKartHomePage@5af3a0f]" started-at="2026-05-06T13:33:58 IST" name="setUp" finished-at="2026-05-06T13:34:16 IST" duration-ms="17475" status="PASS">
          <reporter-output>
          </reporter-output>
        </test-method> <!-- setUp -->
        <test-method signature="dataProviderProductSearch(java.lang.String)[pri:0, instance:com.anu.automation.framework.testcases.GreenKartHomePage@5af3a0f]" started-at="2026-05-06T13:34:15 IST" name="dataProviderProductSearch" data-provider="searchData" finished-at="2026-05-06T13:34:24 IST" duration-ms="9510" status="PASS">
          <params>
            <param index="0">
              <value>
                <![CDATA[Brocolli]]>
              </value>
            </param>
          </params>
          <reporter-output>
          </reporter-output>
        </test-method> <!-- dataProviderProductSearch -->
        <test-method signature="caseSensitivityInProductSearch()[pri:0, instance:com.anu.automation.framework.testcases.GreenKartHomePage@5af3a0f]" started-at="2026-05-06T13:34:16 IST" name="caseSensitivityInProductSearch" finished-at="2026-05-06T13:34:25 IST" duration-ms="9088" status="PASS">
          <reporter-output>
          </reporter-output>
        </test-method> <!-- caseSensitivityInProductSearch -->
        <test-method is-config="true" signature="tearDown()[pri:0, instance:com.anu.automation.framework.testcases.GreenKartHomePage@5af3a0f]" started-at="2026-05-06T13:34:24 IST" name="tearDown" finished-at="2026-05-06T13:34:26 IST" duration-ms="1634" status="PASS">
          <reporter-output>
          </reporter-output>
        </test-method> <!-- tearDown -->
        <test-method is-config="true" signature="tearDown()[pri:0, instance:com.anu.automation.framework.testcases.GreenKartHomePage@5af3a0f]" started-at="2026-05-06T13:34:25 IST" name="tearDown" finished-at="2026-05-06T13:34:27 IST" duration-ms="2571" status="PASS">
          <reporter-output>
          </reporter-output>
        </test-method> <!-- tearDown -->
        <test-method is-config="true" signature="setUp()[pri:0, instance:com.anu.automation.framework.testcases.GreenKartHomePage@5af3a0f]" started-at="2026-05-06T13:34:26 IST" name="setUp" finished-at="2026-05-06T13:34:45 IST" duration-ms="18840" status="PASS">
          <reporter-output>
          </reporter-output>
        </test-method> <!-- setUp -->
        <test-method is-config="true" signature="setUp()[pri:0, instance:com.anu.automation.framework.testcases.GreenKartHomePage@5af3a0f]" started-at="2026-05-06T13:34:27 IST" name="setUp" finished-at="2026-05-06T13:34:45 IST" duration-ms="17311" status="PASS">
          <reporter-output>
          </reporter-output>
        </test-method> <!-- setUp -->
        <test-method signature="emptySearchInProductSearch()[pri:0, instance:com.anu.automation.framework.testcases.GreenKartHomePage@5af3a0f]" started-at="2026-05-06T13:34:45 IST" name="emptySearchInProductSearch" finished-at="2026-05-06T13:34:54 IST" duration-ms="9099" status="PASS">
          <reporter-output>
          </reporter-output>
        </test-method> <!-- emptySearchInProductSearch -->
        <test-method signature="dataProviderProductSearch(java.lang.String)[pri:0, instance:com.anu.automation.framework.testcases.GreenKartHomePage@5af3a0f]" started-at="2026-05-06T13:34:45 IST" name="dataProviderProductSearch" data-provider="searchData" finished-at="2026-05-06T13:34:54 IST" duration-ms="8903" status="PASS">
          <params>
            <param index="0">
              <value>
                <![CDATA[Tom]]>
              </value>
            </param>
          </params>
          <reporter-output>
          </reporter-output>
        </test-method> <!-- dataProviderProductSearch -->
        <test-method is-config="true" signature="tearDown()[pri:0, instance:com.anu.automation.framework.testcases.GreenKartHomePage@5af3a0f]" started-at="2026-05-06T13:34:54 IST" name="tearDown" finished-at="2026-05-06T13:34:55 IST" duration-ms="1394" status="PASS">
          <reporter-output>
          </reporter-output>
        </test-method> <!-- tearDown -->
        <test-method is-config="true" signature="tearDown()[pri:0, instance:com.anu.automation.framework.testcases.GreenKartHomePage@5af3a0f]" started-at="2026-05-06T13:34:54 IST" name="tearDown" finished-at="2026-05-06T13:34:57 IST" duration-ms="2763" status="PASS">
          <reporter-output>
          </reporter-output>
        </test-method> <!-- tearDown -->
        <test-method is-config="true" signature="setUp()[pri:0, instance:com.anu.automation.framework.testcases.GreenKartHomePage@5af3a0f]" started-at="2026-05-06T13:34:55 IST" name="setUp" finished-at="2026-05-06T13:35:12 IST" duration-ms="17042" status="PASS">
          <reporter-output>
          </reporter-output>
        </test-method> <!-- setUp -->
        <test-method is-config="true" signature="setUp()[pri:0, instance:com.anu.automation.framework.testcases.GreenKartHomePage@5af3a0f]" started-at="2026-05-06T13:34:57 IST" name="setUp" finished-at="2026-05-06T13:35:13 IST" duration-ms="16181" status="PASS">
          <reporter-output>
          </reporter-output>
        </test-method> <!-- setUp -->
        <test-method signature="dataProviderProductSearch(java.lang.String)[pri:0, instance:com.anu.automation.framework.testcases.GreenKartHomePage@5af3a0f]" started-at="2026-05-06T13:35:12 IST" name="dataProviderProductSearch" data-provider="searchData" finished-at="2026-05-06T13:35:21 IST" duration-ms="8382" status="PASS">
          <params>
            <param index="0">
              <value>
                <![CDATA[xyz123]]>
              </value>
            </param>
          </params>
          <reporter-output>
          </reporter-output>
        </test-method> <!-- dataProviderProductSearch -->
        <test-method signature="launchGreenKartHomePage()[pri:0, instance:com.anu.automation.framework.testcases.GreenKartHomePage@5af3a0f]" started-at="2026-05-06T13:35:13 IST" name="launchGreenKartHomePage" finished-at="2026-05-06T13:35:39 IST" duration-ms="25908" status="PASS">
          <reporter-output>
          </reporter-output>
        </test-method> <!-- launchGreenKartHomePage -->
        <test-method is-config="true" signature="tearDown()[pri:0, instance:com.anu.automation.framework.testcases.GreenKartHomePage@5af3a0f]" started-at="2026-05-06T13:35:21 IST" name="tearDown" finished-at="2026-05-06T13:35:21 IST" duration-ms="690" status="PASS">
          <reporter-output>
          </reporter-output>
        </test-method> <!-- tearDown -->
        <test-method is-config="true" signature="setUp()[pri:0, instance:com.anu.automation.framework.testcases.GreenKartHomePage@5af3a0f]" started-at="2026-05-06T13:35:21 IST" name="setUp" finished-at="2026-05-06T13:35:33 IST" duration-ms="12106" status="PASS">
          <reporter-output>
          </reporter-output>
        </test-method> <!-- setUp -->
        <test-method signature="dataProviderProductSearch(java.lang.String)[pri:0, instance:com.anu.automation.framework.testcases.GreenKartHomePage@5af3a0f]" started-at="2026-05-06T13:35:33 IST" name="dataProviderProductSearch" data-provider="searchData" finished-at="2026-05-06T13:35:45 IST" duration-ms="11933" status="PASS">
          <params>
            <param index="0">
              <value>
                <![CDATA[beetroot]]>
              </value>
            </param>
          </params>
          <reporter-output>
          </reporter-output>
        </test-method> <!-- dataProviderProductSearch -->
        <test-method is-config="true" signature="tearDown()[pri:0, instance:com.anu.automation.framework.testcases.GreenKartHomePage@5af3a0f]" started-at="2026-05-06T13:35:39 IST" name="tearDown" finished-at="2026-05-06T13:35:39 IST" duration-ms="0" status="PASS">
          <reporter-output>
          </reporter-output>
        </test-method> <!-- tearDown -->
        <test-method is-config="true" signature="setUp()[pri:0, instance:com.anu.automation.framework.testcases.GreenKartHomePage@5af3a0f]" started-at="2026-05-06T13:35:39 IST" name="setUp" finished-at="2026-05-06T13:35:54 IST" duration-ms="15457" status="PASS">
          <reporter-output>
          </reporter-output>
        </test-method> <!-- setUp -->
        <test-method is-config="true" signature="tearDown()[pri:0, instance:com.anu.automation.framework.testcases.GreenKartHomePage@5af3a0f]" started-at="2026-05-06T13:35:45 IST" name="tearDown" finished-at="2026-05-06T13:35:46 IST" duration-ms="625" status="PASS">
          <reporter-output>
          </reporter-output>
        </test-method> <!-- tearDown -->
        <test-method is-config="true" signature="setUp()[pri:0, instance:com.anu.automation.framework.testcases.GreenKartHomePage@5af3a0f]" started-at="2026-05-06T13:35:46 IST" name="setUp" finished-at="2026-05-06T13:36:01 IST" duration-ms="14901" status="PASS">
          <reporter-output>
          </reporter-output>
        </test-method> <!-- setUp -->
        <test-method signature="partialMatch()[pri:0, instance:com.anu.automation.framework.testcases.GreenKartHomePage@5af3a0f]" started-at="2026-05-06T13:35:54 IST" name="partialMatch" finished-at="2026-05-06T13:36:03 IST" duration-ms="8374" status="PASS">
          <reporter-output>
          </reporter-output>
        </test-method> <!-- partialMatch -->
        <test-method signature="dataProviderProductSearch(java.lang.String)[pri:0, instance:com.anu.automation.framework.testcases.GreenKartHomePage@5af3a0f]" started-at="2026-05-06T13:36:01 IST" name="dataProviderProductSearch" data-provider="searchData" finished-at="2026-05-06T13:36:10 IST" duration-ms="9423" status="PASS">
          <params>
            <param index="0">
              <value>
                <![CDATA[]]>
              </value>
            </param>
          </params>
          <reporter-output>
          </reporter-output>
        </test-method> <!-- dataProviderProductSearch -->
        <test-method is-config="true" signature="tearDown()[pri:0, instance:com.anu.automation.framework.testcases.GreenKartHomePage@5af3a0f]" started-at="2026-05-06T13:36:03 IST" name="tearDown" finished-at="2026-05-06T13:36:04 IST" duration-ms="1412" status="PASS">
          <reporter-output>
          </reporter-output>
        </test-method> <!-- tearDown -->
        <test-method is-config="true" signature="setUp()[pri:0, instance:com.anu.automation.framework.testcases.GreenKartHomePage@5af3a0f]" started-at="2026-05-06T13:36:04 IST" name="setUp" finished-at="2026-05-06T13:36:19 IST" duration-ms="14776" status="PASS">
          <reporter-output>
          </reporter-output>
        </test-method> <!-- setUp -->
        <test-method is-config="true" signature="tearDown()[pri:0, instance:com.anu.automation.framework.testcases.GreenKartHomePage@5af3a0f]" started-at="2026-05-06T13:36:10 IST" name="tearDown" finished-at="2026-05-06T13:36:11 IST" duration-ms="677" status="PASS">
          <reporter-output>
          </reporter-output>
        </test-method> <!-- tearDown -->
        <test-method is-config="true" signature="setUp()[pri:0, instance:com.anu.automation.framework.testcases.GreenKartHomePage@5af3a0f]" started-at="2026-05-06T13:36:11 IST" name="setUp" finished-at="2026-05-06T13:36:25 IST" duration-ms="14346" status="PASS">
          <reporter-output>
          </reporter-output>
        </test-method> <!-- setUp -->
        <test-method signature="productNotFound()[pri:0, instance:com.anu.automation.framework.testcases.GreenKartHomePage@5af3a0f]" started-at="2026-05-06T13:36:19 IST" name="productNotFound" finished-at="2026-05-06T13:36:27 IST" duration-ms="8258" status="PASS">
          <reporter-output>
          </reporter-output>
        </test-method> <!-- productNotFound -->
        <test-method signature="testHomePage()[pri:0, instance:com.anu.automation.framework.testcases.GreenKartHomePage@5af3a0f]" started-at="2026-05-06T13:36:25 IST" name="testHomePage" finished-at="2026-05-06T13:36:34 IST" duration-ms="8708" status="PASS">
          <reporter-output>
          </reporter-output>
        </test-method> <!-- testHomePage -->
        <test-method is-config="true" signature="tearDown()[pri:0, instance:com.anu.automation.framework.testcases.GreenKartHomePage@5af3a0f]" started-at="2026-05-06T13:36:27 IST" name="tearDown" finished-at="2026-05-06T13:36:29 IST" duration-ms="2080" status="PASS">
          <reporter-output>
          </reporter-output>
        </test-method> <!-- tearDown -->
        <test-method is-config="true" signature="setUp()[pri:0, instance:com.anu.automation.framework.testcases.GreenKartHomePage@5af3a0f]" started-at="2026-05-06T13:36:29 IST" name="setUp" finished-at="2026-05-06T13:36:43 IST" duration-ms="13484" status="PASS">
          <reporter-output>
          </reporter-output>
        </test-method> <!-- setUp -->
        <test-method is-config="true" signature="tearDown()[pri:0, instance:com.anu.automation.framework.testcases.GreenKartHomePage@5af3a0f]" started-at="2026-05-06T13:36:34 IST" name="tearDown" finished-at="2026-05-06T13:36:35 IST" duration-ms="1126" status="PASS">
          <reporter-output>
          </reporter-output>
        </test-method> <!-- tearDown -->
        <test-method signature="testProductSearch()[pri:0, instance:com.anu.automation.framework.testcases.GreenKartHomePage@5af3a0f]" started-at="2026-05-06T13:36:43 IST" name="testProductSearch" finished-at="2026-05-06T13:36:51 IST" duration-ms="8309" status="PASS">
          <reporter-output>
          </reporter-output>
        </test-method> <!-- testProductSearch -->
        <test-method is-config="true" signature="tearDown()[pri:0, instance:com.anu.automation.framework.testcases.GreenKartHomePage@5af3a0f]" started-at="2026-05-06T13:36:51 IST" name="tearDown" finished-at="2026-05-06T13:36:51 IST" duration-ms="476" status="PASS">
          <reporter-output>
          </reporter-output>
        </test-method> <!-- tearDown -->
      </class> <!-- com.anu.automation.framework.testcases.GreenKartHomePage -->
    </test> <!-- GreenKart Tests -->
  </suite> <!-- Test Suite -->
</testng-results>
