<?xml version="1.0" encoding="UTF-8"?>
<!-- Generated by org.testng.reporters.JUnitReportReporter -->
<testsuite hostname="BRIAPWLOicvoHXu" failures="0" tests="6" name="com.anu.automation.framework.testcases.GreenKartHomePage" time="190.260" errors="0" timestamp="2026-05-04T14:29:08 IST" skipped="0">
  <testcase classname="com.anu.automation.framework.testcases.GreenKartHomePage" name="dataProviderProductSearch" time="35.583"/>
  <testcase classname="com.anu.automation.framework.testcases.GreenKartHomePage" name="dataProviderProductSearch" time="25.362"/>
  <testcase classname="com.anu.automation.framework.testcases.GreenKartHomePage" name="dataProviderProductSearch" time="27.612"/>
  <testcase classname="com.anu.automation.framework.testcases.GreenKartHomePage" name="dataProviderProductSearch" time="49.956"/>
  <testcase classname="com.anu.automation.framework.testcases.GreenKartHomePage" name="dataProviderProductSearch" time="25.678"/>
  <testcase classname="com.anu.automation.framework.testcases.GreenKartHomePage" name="dataProviderProductSearch" time="26.069"/>
</testsuite> <!-- com.anu.automation.framework.testcases.GreenKartHomePage -->
