<?xml version="1.0" encoding="UTF-8"?>
<!-- Generated by org.testng.reporters.JUnitReportReporter -->
<testsuite hostname="BRIAPWLOicvoHXu" failures="0" tests="14" name="com.anu.automation.framework.testcases.GreenKartHomePage" time="387.348" errors="0" timestamp="2026-05-06T13:36:52 IST" skipped="1">
  <testcase classname="com.anu.automation.framework.testcases.GreenKartHomePage" name="dataProviderProductSearch" time="26.819"/>
  <testcase classname="com.anu.automation.framework.testcases.GreenKartHomePage" name="dataProviderProductSearch" time="24.985"/>
  <testcase classname="com.anu.automation.framework.testcases.GreenKartHomePage" name="productNotFound" time="24.684"/>
  <testcase classname="com.anu.automation.framework.testcases.GreenKartHomePage" name="caseSensitivityInProductSearch" time="31.029">
    <skipped/>
  </testcase> <!-- caseSensitivityInProductSearch -->
  <testcase classname="com.anu.automation.framework.testcases.GreenKartHomePage" name="dataProviderProductSearch" time="25.833"/>
  <testcase classname="com.anu.automation.framework.testcases.GreenKartHomePage" name="launchGreenKartHomePage" time="39.426"/>
  <testcase classname="com.anu.automation.framework.testcases.GreenKartHomePage" name="caseSensitivityInProductSearch" time="26.563"/>
  <testcase classname="com.anu.automation.framework.testcases.GreenKartHomePage" name="dataProviderProductSearch" time="26.167"/>
  <testcase classname="com.anu.automation.framework.testcases.GreenKartHomePage" name="dataProviderProductSearch" time="28.228"/>
  <testcase classname="com.anu.automation.framework.testcases.GreenKartHomePage" name="partialMatch" time="26.835"/>
  <testcase classname="com.anu.automation.framework.testcases.GreenKartHomePage" name="emptySearchInProductSearch" time="23.975"/>
  <testcase classname="com.anu.automation.framework.testcases.GreenKartHomePage" name="testProductSearch" time="27.169"/>
  <testcase classname="com.anu.automation.framework.testcases.GreenKartHomePage" name="dataProviderProductSearch" time="27.122"/>
  <testcase classname="com.anu.automation.framework.testcases.GreenKartHomePage" name="testHomePage" time="28.513"/>
</testsuite> <!-- com.anu.automation.framework.testcases.GreenKartHomePage -->
